<?xml version="1.0" encoding="UTF-8"?>
<!-- Generated by org.testng.reporters.JUnitReportReporter -->
<testsuite hostname="DESKTOP-S047Q6J" failures="0" tests="3" name="testClasses.VerifyUserCanAddTheAddress" time="31.049" errors="0" timestamp="2022-10-12T16:09:42 IST" skipped="0">
  <testcase classname="testClasses.VerifyUserCanAddTheAddress" name="verifyAddressPageIsOpened" time="2.882"/>
  <system-out/>
  <testcase classname="testClasses.VerifyUserCanAddTheAddress" name="addTheAddress" time="14.002"/>
  <system-out/>
  <testcase classname="testClasses.VerifyUserCanAddTheAddress" name="addTheAddress" time="14.165"/>
  <system-out/>
</testsuite> <!-- testClasses.VerifyUserCanAddTheAddress -->
