<?xml version="1.0" encoding="UTF-8"?>
<!-- Generated by org.testng.reporters.JUnitReportReporter -->
<testsuite hostname="DESKTOP-S047Q6J" failures="0" tests="2" name="testClasses.VerifyUserCanGetLowestPrice" time="10.030" errors="0" timestamp="2022-10-12T16:09:42 IST" skipped="0">
  <testcase classname="testClasses.VerifyUserCanGetLowestPrice" name="s" time="0.011"/>
  <system-out/>
  <testcase classname="testClasses.VerifyUserCanGetLowestPrice" name="getLowestPriceOfProduct" time="10.019"/>
  <system-out/>
</testsuite> <!-- testClasses.VerifyUserCanGetLowestPrice -->
